<?xml version="1.0" encoding="UTF-8"?>
<!-- Generated by org.testng.reporters.JUnitReportReporter -->
<testsuite hostname="Wiz-Workstation" failures="0" tests="1" name="com.bitmutex.shortener.AnalyticsTest" time="0.000" errors="0" timestamp="2024-01-18T04:17:29 IST" skipped="0">
  <testcase classname="com.bitmutex.shortener.AnalyticsTest" name="testAnalyticsEntity" time="0.000"/>
  <system-out/>
</testsuite> <!-- com.bitmutex.shortener.AnalyticsTest -->
