<?xml version="1.0" encoding="UTF-8"?>
<!-- Generated by org.testng.reporters.JUnitReportReporter -->
<testsuite hostname="Wiz-Workstation" failures="0" tests="2" name="com.bitmutex.shortener.AnalyticsControllerTest" time="0.026" errors="0" timestamp="2024-01-18T04:17:29 IST" skipped="0">
  <testcase classname="com.bitmutex.shortener.AnalyticsControllerTest" name="testGetAnalyticsDataWithValidShortUrl" time="0.005"/>
  <system-out/>
  <testcase classname="com.bitmutex.shortener.AnalyticsControllerTest" name="testGetAnalyticsDataWithInvalidShortUrl" time="0.021"/>
  <system-out/>
</testsuite> <!-- com.bitmutex.shortener.AnalyticsControllerTest -->
